<?xml version="1.0" encoding="UTF-8"?>
<!-- Generated by org.testng.reporters.JUnitXMLReporter -->
<testsuite hostname="vendskp54" name="Default test" tests="3" failures="0" timestamp="18 Jul 2016 09:46:55 GMT" time="36.977" errors="0">
  <testcase name="searchByName" time="23.225" classname="orange_hrm_tests.Directory_Search"/>
  <testcase name="searchByTitle" time="6.546" classname="orange_hrm_tests.Directory_Search"/>
  <testcase name="searchByLocation" time="7.191" classname="orange_hrm_tests.Directory_Search"/>
</testsuite> <!-- Default test -->
