<?xml version="1.0" encoding="UTF-8"?>
<!-- Generated by org.testng.reporters.JUnitXMLReporter -->
<testsuite hostname="vendskp54" name="DirectoryTest" tests="7" failures="0" timestamp="20 Jul 2016 05:47:43 GMT" time="65.617" errors="0">
  <testcase name="searchByName" time="24.394" classname="orange_hrm_tests.Directory_Search"/>
  <testcase name="searchByTitle" time="8.124" classname="orange_hrm_tests.Directory_Search"/>
  <testcase name="searchByLocation" time="7.74" classname="orange_hrm_tests.Directory_Search"/>
  <testcase name="searchByNameTitle" time="5.724" classname="orange_hrm_tests.Directory_Search"/>
  <testcase name="searchByTitleLocation" time="5.616" classname="orange_hrm_tests.Directory_Search"/>
  <testcase name="searchByNameLocation" time="7.074" classname="orange_hrm_tests.Directory_Search"/>
  <testcase name="searchByNameTitleLocation" time="6.944" classname="orange_hrm_tests.Directory_Search"/>
</testsuite> <!-- DirectoryTest -->
