<?xml version="1.0" encoding="UTF-8"?>
<!-- Generated by org.testng.reporters.JUnitXMLReporter -->
<testsuite hostname="vendskp54" name="Test" tests="8" failures="1" timestamp="19 Jul 2016 06:36:11 GMT" time="125.049" errors="0">
  <testcase name="legendVerification" time="23.139" classname="orange_hrm_tests.Dashboard_Legend_Verification"/>
  <testcase name="searchByName" time="52.991" classname="orange_hrm_tests.Directory_Search">
    <failure type="java.lang.ArrayIndexOutOfBoundsException" message="10">
      <![CDATA[java.lang.ArrayIndexOutOfBoundsException: 10
	at orange_hrm_methods.Directory_Page.verifyEmployees(Directory_Page.java:133)
	at orange_hrm_tests.Directory_Search.searchByName(Directory_Search.java:15)
... Removed 23 stack frames]]>
    </failure>
  </testcase> <!-- searchByName -->
  <testcase name="searchByTitle" time="7.278" classname="orange_hrm_tests.Directory_Search"/>
  <testcase name="searchByLocation" time="8.697" classname="orange_hrm_tests.Directory_Search"/>
  <testcase name="searchByNameTitle" time="8.413" classname="orange_hrm_tests.Directory_Search"/>
  <testcase name="searchByTitleLocation" time="7.441" classname="orange_hrm_tests.Directory_Search"/>
  <testcase name="searchByNameLocation" time="8.99" classname="orange_hrm_tests.Directory_Search"/>
  <testcase name="searchByNameTitleLocation" time="8.09" classname="orange_hrm_tests.Directory_Search"/>
</testsuite> <!-- Test -->
